[NeuraBoard] ğŸ§  Iniciando nÃºcleo NeuraBoardEco...
[NeuraBoard] âš™ï¸ Cargando mÃ³dulos principales...
[NeuraBoard] âœ… Sistema operativo y estable.
[NeuraBoard] ğŸœ Ant-Colony RL ejecutÃ³ acciÃ³n: optimize_cpu con recompensa 5.0
[NeuraBoard] ğŸ§  Iniciando nÃºcleo NeuraBoardEco...
[NeuraBoard] âš™ï¸ Cargando mÃ³dulos principales...
[NeuraBoard] âœ… Sistema operativo y estable.
[NeuraBoard] ğŸœ Ant-Colony RL ejecutÃ³ acciÃ³n: optimize_cpu con recompensa 5.0
[NeuraBoard] ğŸ§  Iniciando nÃºcleo NeuraBoardEco...
[NeuraBoard] âš™ï¸ Cargando mÃ³dulos principales...
[NeuraBoard] âœ… Sistema operativo y estable.
[NeuraBoard] ğŸœ Ant-Colony RL ejecutÃ³ acciÃ³n: optimize_cpu con recompensa 5.0
[NeuraBoard] ğŸ§  Iniciando nÃºcleo NeuraBoardEco...
[NeuraBoard] âš™ï¸ Cargando mÃ³dulos principales...
[NeuraBoard] âœ… Sistema operativo y estable.
[NeuraBoard] ğŸœ Ant-Colony RL ejecutÃ³ acciÃ³n: optimize_cpu con recompensa 5.0
[NeuraBoard] ğŸ§  Iniciando nÃºcleo NeuraBoardEco...
[NeuraBoard] âš™ï¸ Cargando mÃ³dulos principales...
[NeuraBoard] âœ… Sistema operativo y estable.
[NeuraBoard] ğŸœ Ant-Colony RL ejecutÃ³ acciÃ³n: optimize_cpu con recompensa 5.0
[NeuraBoard] ğŸ§  Iniciando nÃºcleo NeuraBoardEco...
[NeuraBoard] âš™ï¸ Cargando mÃ³dulos principales...
[NeuraBoard] âœ… Sistema operativo y estable.
[NeuraBoard] ğŸœ Ant-Colony RL ejecutÃ³ acciÃ³n: optimize_cpu con recompensa 5.0
[NeuraBoard] ğŸ§  Iniciando nÃºcleo NeuraBoardEco...
[NeuraBoard] âš™ï¸ Cargando mÃ³dulos principales...
[NeuraBoard] âœ… Sistema operativo y estable.
[NeuraBoard] ğŸœ Ant-Colony RL ejecutÃ³ acciÃ³n: optimize_cpu con recompensa 5.0
Traceback (most recent call last):
  File "/data/data/com.termux/files/home/NeuraBoardEco/core/orchestrator.py", line 47, in <module>
    from core.metrics import LearningMetrics
ModuleNotFoundError: No module named 'core.metrics'
[NeuraBoard] ğŸ§  Iniciando nÃºcleo NeuraBoardEco...
[NeuraBoard] âš™ï¸ Cargando mÃ³dulos principales...
[NeuraBoard] âœ… Sistema operativo y estable.
[NeuraBoard] ğŸœ Ant-Colony RL ejecutÃ³ acciÃ³n: optimize_cpu con recompensa 5.0
Traceback (most recent call last):
  File "/data/data/com.termux/files/home/NeuraBoardEco/core/orchestrator.py", line 47, in <module>
    from core.metrics import LearningMetrics
ModuleNotFoundError: No module named 'core.metrics'
[NeuraBoard] ğŸ§  Iniciando nÃºcleo NeuraBoardEco...
[NeuraBoard] âš™ï¸ Cargando mÃ³dulos principales...
[NeuraBoard] âœ… Sistema operativo y estable.
[NeuraBoard] ğŸœ Ant-Colony RL ejecutÃ³ acciÃ³n: optimize_cpu con recompensa 5.0
Traceback (most recent call last):
  File "/data/data/com.termux/files/home/NeuraBoardEco/core/orchestrator.py", line 47, in <module>
    from core.metrics import LearningMetrics
ModuleNotFoundError: No module named 'core.metrics'
[NeuraBoard] ğŸ§  Iniciando nÃºcleo NeuraBoardEco...
[NeuraBoard] âš™ï¸ Cargando mÃ³dulos principales...
[NeuraBoard] âœ… Sistema operativo y estable.
[NeuraBoard] ğŸœ Ant-Colony RL ejecutÃ³ acciÃ³n: optimize_cpu con recompensa 5.0
Traceback (most recent call last):
  File "/data/data/com.termux/files/home/NeuraBoardEco/core/orchestrator.py", line 47, in <module>
    from core.metrics import LearningMetrics
ModuleNotFoundError: No module named 'core.metrics'
[NeuraBoard] ğŸ§  Iniciando nÃºcleo NeuraBoardEco...
[NeuraBoard] âš™ï¸ Cargando mÃ³dulos principales...
[NeuraBoard] âœ… Sistema operativo y estable.
[NeuraBoard] ğŸœ Ant-Colony RL ejecutÃ³ acciÃ³n: optimize_cpu con recompensa 5.0
Traceback (most recent call last):
  File "/data/data/com.termux/files/home/NeuraBoardEco/core/orchestrator.py", line 47, in <module>
    from core.metrics import LearningMetrics
ModuleNotFoundError: No module named 'core.metrics'
[NeuraBoard] ğŸ§  Iniciando nÃºcleo NeuraBoardEco...
[NeuraBoard] âš™ï¸ Cargando mÃ³dulos principales...
[NeuraBoard] âœ… Sistema operativo y estable.
[NeuraBoard] ğŸœ Ant-Colony RL ejecutÃ³ acciÃ³n: optimize_cpu con recompensa 5.0
Traceback (most recent call last):
  File "/data/data/com.termux/files/home/NeuraBoardEco/core/orchestrator.py", line 47, in <module>
    from core.metrics import LearningMetrics
ModuleNotFoundError: No module named 'core.metrics'
[NeuraBoard] ğŸ§  Iniciando nÃºcleo NeuraBoardEco...
[NeuraBoard] âš™ï¸ Cargando mÃ³dulos principales...
[NeuraBoard] âœ… Sistema operativo y estable.
[NeuraBoard] ğŸœ Ant-Colony RL ejecutÃ³ acciÃ³n: optimize_cpu con recompensa 5.0
Traceback (most recent call last):
  File "/data/data/com.termux/files/home/NeuraBoardEco/core/orchestrator.py", line 47, in <module>
    from core.metrics import LearningMetrics
ModuleNotFoundError: No module named 'core.metrics'
[NeuraBoard] ğŸ§  Iniciando nÃºcleo NeuraBoardEco...
[NeuraBoard] âš™ï¸ Cargando mÃ³dulos principales...
[NeuraBoard] âœ… Sistema operativo y estable.
[NeuraBoard] ğŸœ Ant-Colony RL ejecutÃ³ acciÃ³n: backup con recompensa 2.0
Traceback (most recent call last):
  File "/data/data/com.termux/files/home/NeuraBoardEco/core/orchestrator.py", line 47, in <module>
    from core.metrics import LearningMetrics
ModuleNotFoundError: No module named 'core.metrics'
[NeuraBoard] ğŸ§  Iniciando nÃºcleo NeuraBoardEco...
[NeuraBoard] âš™ï¸ Cargando mÃ³dulos principales...
[NeuraBoard] âœ… Sistema operativo y estable.
[NeuraBoard] ğŸœ Ant-Colony RL ejecutÃ³ acciÃ³n: optimize_cpu con recompensa 5.0
ğŸ“˜ Ciclos: 3 | Promedio: 5.00 | ğŸ“Š AÃºn pocos datos para detectar tendencia
[NeuraBoard] ğŸ§  Iniciando nÃºcleo NeuraBoardEco...
[NeuraBoard] âš™ï¸ Cargando mÃ³dulos principales...
[NeuraBoard] âœ… Sistema operativo y estable.
[NeuraBoard] ğŸœ Ant-Colony RL ejecutÃ³ acciÃ³n: optimize_cpu con recompensa 5.0
ğŸ“˜ Ciclos: 5 | Promedio: 5.00 | âš–ï¸ Estable
[NeuraBoard] ğŸ§  Iniciando nÃºcleo NeuraBoardEco...
[NeuraBoard] âš™ï¸ Cargando mÃ³dulos principales...
[NeuraBoard] âœ… Sistema operativo y estable.
[NeuraBoard] ğŸœ Ant-Colony RL ejecutÃ³ acciÃ³n: optimize_cpu con recompensa 5.0
ğŸ“˜ Ciclos: 8 | Promedio: 5.00 | âš–ï¸ Estable
[NeuraBoard] ğŸ§  Iniciando nÃºcleo NeuraBoardEco...
[NeuraBoard] âš™ï¸ Cargando mÃ³dulos principales...
[NeuraBoard] âœ… Sistema operativo y estable.
[NeuraBoard] ğŸœ Ant-Colony RL ejecutÃ³ acciÃ³n: optimize_cpu con recompensa 5.0
ğŸ“˜ Ciclos: 10 | Promedio: 5.00 | âš–ï¸ Estable
[NeuraBoard] ğŸ§  Iniciando nÃºcleo NeuraBoardEco...
[NeuraBoard] âš™ï¸ Cargando mÃ³dulos principales...
[NeuraBoard] âœ… Sistema operativo y estable.
[NeuraBoard] ğŸœ Ant-Colony RL ejecutÃ³ acciÃ³n: optimize_cpu con recompensa 5.0
ğŸ“˜ Ciclos: 12 | Promedio: 5.00 | âš–ï¸ Estable
[NeuraBoard] ğŸ§  Iniciando nÃºcleo NeuraBoardEco...
[NeuraBoard] âš™ï¸ Cargando mÃ³dulos principales...
[NeuraBoard] âœ… Sistema operativo y estable.
[NeuraBoard] ğŸœ Ant-Colony RL ejecutÃ³ acciÃ³n: optimize_cpu con recompensa 5.0
ğŸ“˜ Ciclos: 14 | Promedio: 5.00 | âš–ï¸ Estable
[NeuraBoard] ğŸ§  Iniciando nÃºcleo NeuraBoardEco...
[NeuraBoard] âš™ï¸ Cargando mÃ³dulos principales...
[NeuraBoard] âœ… Sistema operativo y estable.
[NeuraBoard] ğŸœ Ant-Colony RL ejecutÃ³ acciÃ³n: backup con recompensa 2.0
ğŸ“˜ Ciclos: 16 | Promedio: 5.00 | âš–ï¸ Estable
[NeuraBoard] ğŸ§  Iniciando nÃºcleo NeuraBoardEco...
[NeuraBoard] âš™ï¸ Cargando mÃ³dulos principales...
[NeuraBoard] âœ… Sistema operativo y estable.
[NeuraBoard] ğŸœ Ant-Colony RL ejecutÃ³ acciÃ³n: optimize_cpu con recompensa 5.0
ğŸ“˜ Ciclos: 18 | Promedio: 5.00 | âš–ï¸ Estable
[NeuraBoard] ğŸ§  Iniciando nÃºcleo NeuraBoardEco...
[NeuraBoard] âš™ï¸ Cargando mÃ³dulos principales...
[NeuraBoard] âœ… Sistema operativo y estable.
[NeuraBoard] ğŸœ Ant-Colony RL ejecutÃ³ acciÃ³n: optimize_cpu con recompensa 5.0
ğŸ“˜ Ciclos: 20 | Promedio: 5.00 | âš–ï¸ Estable
[NeuraBoard] ğŸ§  Iniciando nÃºcleo NeuraBoardEco...
[NeuraBoard] âš™ï¸ Cargando mÃ³dulos principales...
[NeuraBoard] âœ… Sistema operativo y estable.
[NeuraBoard] ğŸœ Ant-Colony RL ejecutÃ³ acciÃ³n: optimize_cpu con recompensa 5.0
ğŸ“˜ Ciclos: 22 | Promedio: 5.00 | âš–ï¸ Estable
[NeuraBoard] ğŸ§  Iniciando nÃºcleo NeuraBoardEco...
[NeuraBoard] âš™ï¸ Cargando mÃ³dulos principales...
[NeuraBoard] âœ… Sistema operativo y estable.
[NeuraBoard] ğŸœ Ant-Colony RL ejecutÃ³ acciÃ³n: optimize_cpu con recompensa 5.0
ğŸ“˜ Ciclos: 24 | Promedio: 5.00 | âš–ï¸ Estable
[NeuraBoard] ğŸ§  Iniciando nÃºcleo NeuraBoardEco...
[NeuraBoard] âš™ï¸ Cargando mÃ³dulos principales...
[NeuraBoard] âœ… Sistema operativo y estable.
[NeuraBoard] ğŸœ Ant-Colony RL ejecutÃ³ acciÃ³n: optimize_cpu con recompensa 5.0
ğŸ“˜ Ciclos: 26 | Promedio: 5.00 | âš–ï¸ Estable
[NeuraBoard] ğŸ§  Iniciando nÃºcleo NeuraBoardEco...
[NeuraBoard] âš™ï¸ Cargando mÃ³dulos principales...
[NeuraBoard] âœ… Sistema operativo y estable.
[NeuraBoard] ğŸœ Ant-Colony RL ejecutÃ³ acciÃ³n: optimize_cpu con recompensa 5.0
ğŸ“˜ Ciclos: 28 | Promedio: 5.00 | âš–ï¸ Estable
[NeuraBoard] ğŸ§  Iniciando nÃºcleo NeuraBoardEco...
[NeuraBoard] âš™ï¸ Cargando mÃ³dulos principales...
[NeuraBoard] âœ… Sistema operativo y estable.
[NeuraBoard] ğŸœ Ant-Colony RL ejecutÃ³ acciÃ³n: optimize_cpu con recompensa 5.0
ğŸ“˜ Ciclos: 30 | Promedio: 5.00 | âš–ï¸ Estable
[NeuraBoard] ğŸ§  Iniciando nÃºcleo NeuraBoardEco...
[NeuraBoard] âš™ï¸ Cargando mÃ³dulos principales...
[NeuraBoard] âœ… Sistema operativo y estable.
[NeuraBoard] ğŸœ Ant-Colony RL ejecutÃ³ acciÃ³n: optimize_cpu con recompensa 5.0
ğŸ“˜ Ciclos: 31 | Promedio: 5.00 | âš–ï¸ Estable
[NeuraBoard] ğŸ§  Iniciando nÃºcleo NeuraBoardEco...
[NeuraBoard] âš™ï¸ Cargando mÃ³dulos principales...
[NeuraBoard] âœ… Sistema operativo y estable.
[NeuraBoard] ğŸœ Ant-Colony RL ejecutÃ³ acciÃ³n: backup con recompensa 2.0
ğŸ“˜ Ciclos: 33 | Promedio: 5.00 | âš–ï¸ Estable
[NeuraBoard] ğŸ§  Iniciando nÃºcleo NeuraBoardEco...
[NeuraBoard] âš™ï¸ Cargando mÃ³dulos principales...
[NeuraBoard] âœ… Sistema operativo y estable.
Traceback (most recent call last):
  File "/data/data/com.termux/files/home/NeuraBoardEco/core/orchestrator.py", line 42, in <module>
    log(f"ğŸœ Ant-Colony RL ejecutÃ³ acciÃ³n: {choice} con recompensa {reward}")
  File "/data/data/com.termux/files/home/NeuraBoardEco/core/orchestrator.py", line 20, in log
    data["logs"].append({"msg": message, "ts": time.time()})
    ~~~~^^^^^^^^
KeyError: 'logs'

During handling of the above exception, another exception occurred:

Traceback (most recent call last):
  File "/data/data/com.termux/files/home/NeuraBoardEco/core/orchestrator.py", line 44, in <module>
    log(f"Ant-RL skip: {e}")
  File "/data/data/com.termux/files/home/NeuraBoardEco/core/orchestrator.py", line 20, in log
    data["logs"].append({"msg": message, "ts": time.time()})
    ~~~~^^^^^^^^
KeyError: 'logs'
Traceback (most recent call last):
  File "/data/data/com.termux/files/home/NeuraBoardEco/core/orchestrator.py", line 33, in <module>
    start_system()
  File "/data/data/com.termux/files/home/NeuraBoardEco/core/orchestrator.py", line 25, in start_system
    log("ğŸ§  Iniciando nÃºcleo NeuraBoardEco...")
  File "/data/data/com.termux/files/home/NeuraBoardEco/core/orchestrator.py", line 20, in log
    data["logs"].append({"msg": message, "ts": time.time()})
    ~~~~^^^^^^^^
KeyError: 'logs'
Traceback (most recent call last):
  File "/data/data/com.termux/files/home/NeuraBoardEco/core/orchestrator.py", line 33, in <module>
    start_system()
  File "/data/data/com.termux/files/home/NeuraBoardEco/core/orchestrator.py", line 25, in start_system
    log("ğŸ§  Iniciando nÃºcleo NeuraBoardEco...")
  File "/data/data/com.termux/files/home/NeuraBoardEco/core/orchestrator.py", line 20, in log
    data["logs"].append({"msg": message, "ts": time.time()})
    ~~~~^^^^^^^^
KeyError: 'logs'
Traceback (most recent call last):
  File "/data/data/com.termux/files/home/NeuraBoardEco/core/orchestrator.py", line 33, in <module>
    start_system()
  File "/data/data/com.termux/files/home/NeuraBoardEco/core/orchestrator.py", line 25, in start_system
    log("ğŸ§  Iniciando nÃºcleo NeuraBoardEco...")
  File "/data/data/com.termux/files/home/NeuraBoardEco/core/orchestrator.py", line 20, in log
    data["logs"].append({"msg": message, "ts": time.time()})
    ~~~~^^^^^^^^
KeyError: 'logs'
Traceback (most recent call last):
  File "/data/data/com.termux/files/home/NeuraBoardEco/core/orchestrator.py", line 33, in <module>
    start_system()
  File "/data/data/com.termux/files/home/NeuraBoardEco/core/orchestrator.py", line 25, in start_system
    log("ğŸ§  Iniciando nÃºcleo NeuraBoardEco...")
  File "/data/data/com.termux/files/home/NeuraBoardEco/core/orchestrator.py", line 20, in log
    data["logs"].append({"msg": message, "ts": time.time()})
    ~~~~^^^^^^^^
KeyError: 'logs'
Traceback (most recent call last):
  File "/data/data/com.termux/files/home/NeuraBoardEco/core/orchestrator.py", line 33, in <module>
    start_system()
  File "/data/data/com.termux/files/home/NeuraBoardEco/core/orchestrator.py", line 25, in start_system
    log("ğŸ§  Iniciando nÃºcleo NeuraBoardEco...")
  File "/data/data/com.termux/files/home/NeuraBoardEco/core/orchestrator.py", line 20, in log
    data["logs"].append({"msg": message, "ts": time.time()})
    ~~~~^^^^^^^^
KeyError: 'logs'
Traceback (most recent call last):
  File "/data/data/com.termux/files/home/NeuraBoardEco/core/orchestrator.py", line 33, in <module>
    start_system()
  File "/data/data/com.termux/files/home/NeuraBoardEco/core/orchestrator.py", line 25, in start_system
    log("ğŸ§  Iniciando nÃºcleo NeuraBoardEco...")
  File "/data/data/com.termux/files/home/NeuraBoardEco/core/orchestrator.py", line 20, in log
    data["logs"].append({"msg": message, "ts": time.time()})
    ~~~~^^^^^^^^
KeyError: 'logs'
Traceback (most recent call last):
  File "/data/data/com.termux/files/home/NeuraBoardEco/core/orchestrator.py", line 33, in <module>
    start_system()
  File "/data/data/com.termux/files/home/NeuraBoardEco/core/orchestrator.py", line 25, in start_system
    log("ğŸ§  Iniciando nÃºcleo NeuraBoardEco...")
  File "/data/data/com.termux/files/home/NeuraBoardEco/core/orchestrator.py", line 20, in log
    data["logs"].append({"msg": message, "ts": time.time()})
    ~~~~^^^^^^^^
KeyError: 'logs'
Traceback (most recent call last):
  File "/data/data/com.termux/files/home/NeuraBoardEco/core/orchestrator.py", line 33, in <module>
    start_system()
  File "/data/data/com.termux/files/home/NeuraBoardEco/core/orchestrator.py", line 25, in start_system
    log("ğŸ§  Iniciando nÃºcleo NeuraBoardEco...")
  File "/data/data/com.termux/files/home/NeuraBoardEco/core/orchestrator.py", line 20, in log
    data["logs"].append({"msg": message, "ts": time.time()})
    ~~~~^^^^^^^^
KeyError: 'logs'
Traceback (most recent call last):
  File "/data/data/com.termux/files/home/NeuraBoardEco/core/orchestrator.py", line 13, in <module>
    from core.metrics import LearningMetrics
ModuleNotFoundError: No module named 'core.metrics'
Traceback (most recent call last):
  File "/data/data/com.termux/files/home/NeuraBoardEco/core/orchestrator.py", line 13, in <module>
    from core.metrics import LearningMetrics
ModuleNotFoundError: No module named 'core.metrics'
Traceback (most recent call last):
  File "/data/data/com.termux/files/home/NeuraBoardEco/core/orchestrator.py", line 13, in <module>
    from core.metrics import LearningMetrics
ModuleNotFoundError: No module named 'core.metrics'
Traceback (most recent call last):
  File "/data/data/com.termux/files/home/NeuraBoardEco/core/orchestrator.py", line 22, in <module>
    from core.metrics import LearningMetrics
ModuleNotFoundError: No module named 'core.metrics'
Traceback (most recent call last):
  File "/data/data/com.termux/files/home/NeuraBoardEco/core/orchestrator.py", line 22, in <module>
    from core.metrics import LearningMetrics
ModuleNotFoundError: No module named 'core.metrics'
Traceback (most recent call last):
  File "/data/data/com.termux/files/home/NeuraBoardEco/core/orchestrator.py", line 22, in <module>
    from core.metrics import LearningMetrics
ModuleNotFoundError: No module named 'core.metrics'
Traceback (most recent call last):
  File "/data/data/com.termux/files/home/NeuraBoardEco/core/orchestrator.py", line 22, in <module>
    from core.metrics import LearningMetrics
ModuleNotFoundError: No module named 'core.metrics'
Traceback (most recent call last):
  File "/data/data/com.termux/files/home/NeuraBoardEco/core/orchestrator.py", line 22, in <module>
    from core.metrics import LearningMetrics
ModuleNotFoundError: No module named 'core.metrics'
Traceback (most recent call last):
  File "/data/data/com.termux/files/home/NeuraBoardEco/core/orchestrator.py", line 22, in <module>
    from core.metrics import LearningMetrics
ModuleNotFoundError: No module named 'core.metrics'
Traceback (most recent call last):
  File "/data/data/com.termux/files/home/NeuraBoardEco/core/orchestrator.py", line 22, in <module>
    from core.metrics import LearningMetrics
ModuleNotFoundError: No module named 'core.metrics'
Traceback (most recent call last):
  File "/data/data/com.termux/files/home/NeuraBoardEco/core/orchestrator.py", line 22, in <module>
    from core.metrics import LearningMetrics
ModuleNotFoundError: No module named 'core.metrics'
Traceback (most recent call last):
  File "/data/data/com.termux/files/home/NeuraBoardEco/core/orchestrator.py", line 22, in <module>
    from core.metrics import LearningMetrics
ModuleNotFoundError: No module named 'core.metrics'
Traceback (most recent call last):
  File "/data/data/com.termux/files/home/NeuraBoardEco/core/orchestrator.py", line 22, in <module>
    from core.metrics import LearningMetrics
ModuleNotFoundError: No module named 'core.metrics'
Traceback (most recent call last):
  File "/data/data/com.termux/files/home/NeuraBoardEco/core/orchestrator.py", line 22, in <module>
    from core.metrics import LearningMetrics
ModuleNotFoundError: No module named 'core.metrics'
Traceback (most recent call last):
  File "/data/data/com.termux/files/home/NeuraBoardEco/core/orchestrator.py", line 22, in <module>
    from core.metrics import LearningMetrics
ModuleNotFoundError: No module named 'core.metrics'
Traceback (most recent call last):
  File "/data/data/com.termux/files/home/NeuraBoardEco/core/orchestrator.py", line 22, in <module>
    from core.metrics import LearningMetrics
ModuleNotFoundError: No module named 'core.metrics'
Traceback (most recent call last):
  File "/data/data/com.termux/files/home/NeuraBoardEco/core/orchestrator.py", line 22, in <module>
    from core.metrics import LearningMetrics
ModuleNotFoundError: No module named 'core.metrics'
Traceback (most recent call last):
  File "/data/data/com.termux/files/home/NeuraBoardEco/core/orchestrator.py", line 22, in <module>
    from core.metrics import LearningMetrics
ModuleNotFoundError: No module named 'core.metrics'
Traceback (most recent call last):
  File "/data/data/com.termux/files/home/NeuraBoardEco/core/orchestrator.py", line 22, in <module>
    from core.metrics import LearningMetrics
ModuleNotFoundError: No module named 'core.metrics'
